loadConfig "debug" is selected
loadConfig loadConfig func:
loadConfig   path: cfg
loadConfig   filename: server
loadConfig   logtype in file config is "debug"
Initdb db path: .
Initdb db filename: temperature.db
Initdb db: temperature.db
startApp Port: 8080
loadConfig "debug" is selected
loadConfig loadConfig func:
loadConfig   path: cfg
loadConfig   filename: server
loadConfig   logtype in file config is "debug"
Initdb db path: .
Initdb db filename: temperature.db
Initdb db: temperature.db
startApp Port: 8080
loadConfig "debug" is selected
loadConfig loadConfig func:
loadConfig   path: cfg
loadConfig   filename: server
loadConfig   logtype in file config is "debug"
Initdb db path: .
Initdb db filename: temperature.db
Initdb db: temperature.db
startApp Port: 8080
loadConfig "debug" is selected
loadConfig loadConfig func:
loadConfig   path: cfg
loadConfig   filename: server
loadConfig   logtype in file config is "debug"
Initdb db path: .
Initdb db filename: temperature.db
Initdb db: temperature.db
startApp Port: 8080
loadConfig "debug" is selected
loadConfig loadConfig func:
loadConfig   path: cfg
loadConfig   filename: server
loadConfig   logtype in file config is "debug"
Initdb db path: .
Initdb db filename: temperature.db
Initdb db: temperature.db
startApp Port: 8080
loadConfig "debug" is selected
loadConfig loadConfig func:
loadConfig   path: cfg
loadConfig   filename: server
loadConfig   logtype in file config is "debug"
Initdb db path: .
Initdb db filename: temperature.db
Initdb db: temperature.db
startApp Port: 8080
loadConfig "debug" is selected
loadConfig loadConfig func:
loadConfig   path: cfg
loadConfig   filename: server
loadConfig   logtype in file config is "debug"
Initdb db path: .
Initdb db filename: temperature.db
Initdb db: temperature.db
startApp Port: 8080
func1 ----------------------------------------
func1 coincoin
func1 ----------------------------------------
func1 ----------------------------------------
func1 coincoin
func1 ----------------------------------------
func1 ----------------------------------------
func1 coincoin
func1 ----------------------------------------
func1 ----------------------------------------
func1 coincoin
func1 ----------------------------------------
func1 ----------------------------------------
func1 coincoin
func1 ----------------------------------------
loadConfig "debug" is selected
loadConfig loadConfig func:
loadConfig   path: cfg
loadConfig   filename: server
loadConfig   logtype in file config is "debug"
Initdb db path: .
Initdb db filename: temperature.db
Initdb db: temperature.db
startApp Port: 8080
func1 ----------------------------------------
func1 coincoin
func1 ----------------------------------------
loadConfig "debug" is selected
loadConfig loadConfig func:
loadConfig   path: cfg
loadConfig   filename: server
loadConfig   logtype in file config is "debug"
Initdb db path: .
Initdb db filename: temperature.db
Initdb db: temperature.db
startApp Port: 8080
func1 ----------------------------------------
func1 coincoin
func1 ----------------------------------------
func1 ----------------------------------------
func1 coincoin
func1 ----------------------------------------
func1 ----------------------------------------
func1 coincoin
func1 ----------------------------------------
loadConfig "debug" is selected
loadConfig loadConfig func:
loadConfig   path: cfg
loadConfig   filename: server
loadConfig   logtype in file config is "debug"
Initdb db path: .
Initdb db filename: temperature.db
Initdb db: temperature.db
startApp Port: 8080
loadConfig "debug" is selected
loadConfig loadConfig func:
loadConfig   path: cfg
loadConfig   filename: server
loadConfig   logtype in file config is "debug"
Initdb db path: .
Initdb db filename: temperature.db
Initdb db: temperature.db
startApp Port: 8080
loadConfig "debug" is selected
loadConfig loadConfig func:
loadConfig   path: cfg
loadConfig   filename: server
loadConfig   logtype in file config is "debug"
Initdb db path: .
Initdb db filename: temperature.db
Initdb db: temperature.db
startApp Port: 8080
loadConfig "debug" is selected
loadConfig loadConfig func:
loadConfig   path: cfg
loadConfig   filename: server
loadConfig   logtype in file config is "debug"
Initdb db path: .
Initdb db filename: temperature.db
Initdb db: temperature.db
startApp Port: 8080
loadConfig "debug" is selected
loadConfig loadConfig func:
loadConfig   path: cfg
loadConfig   filename: server
loadConfig   logtype in file config is "debug"
Initdb db path: .
Initdb db filename: temperature.db
Initdb db: temperature.db
startApp Port: 8080
func1 ----------------------------------------
func1 coincoin
func1 ----------------------------------------
func1 ----------------------------------------
func1 coincoin
func1 ----------------------------------------
func1 ----------------------------------------
func1 coincoin
func1 ----------------------------------------
loadConfig "debug" is selected
loadConfig loadConfig func:
loadConfig   path: cfg
loadConfig   filename: server
loadConfig   logtype in file config is "debug"
Initdb db path: .
Initdb db filename: temperature.db
Initdb db: temperature.db
startApp Port: 8080
func1 ----------------------------------------
func1 coincoin
func1 ----------------------------------------
loadConfig "debug" is selected
loadConfig loadConfig func:
loadConfig   path: cfg
loadConfig   filename: server
loadConfig   logtype in file config is "debug"
Initdb db path: .
Initdb db filename: temperature.db
Initdb db: temperature.db
startApp Port: 8080
loadConfig "debug" is selected
loadConfig loadConfig func:
loadConfig   path: cfg
loadConfig   filename: server
loadConfig   logtype in file config is "debug"
Initdb db path: .
Initdb db filename: temperature.db
Initdb db: temperature.db
startApp Port: 8080
loadConfig "debug" is selected
loadConfig loadConfig func:
loadConfig   path: cfg
loadConfig   filename: server
loadConfig   logtype in file config is "debug"
Initdb db path: .
Initdb db filename: temperature.db
Initdb db: temperature.db
startApp Port: 8080
loadConfig "debug" is selected
loadConfig loadConfig func:
loadConfig   path: cfg
loadConfig   filename: server
loadConfig   logtype in file config is "debug"
Initdb db path: .
Initdb db filename: temperature.db
Initdb db: temperature.db
startApp Port: 8080
loadConfig "debug" is selected
loadConfig loadConfig func:
loadConfig   path: cfg
loadConfig   filename: server
loadConfig   logtype in file config is "debug"
Initdb db path: .
Initdb db filename: temperature.db
Initdb db: temperature.db
startApp Port: 8080
loadConfig "debug" is selected
loadConfig loadConfig func:
loadConfig   path: cfg
loadConfig   filename: server
loadConfig   logtype in file config is "debug"
Initdb db path: .
Initdb db filename: temperature.db
Initdb db: temperature.db
startApp Port: 8080
loadConfig "debug" is selected
loadConfig loadConfig func:
loadConfig   path: cfg
loadConfig   filename: server
loadConfig   logtype in file config is "debug"
Initdb db path: .
Initdb db filename: temperature.db
Initdb db: temperature.db
startApp Port: 8080
loadConfig "debug" is selected
loadConfig loadConfig func:
loadConfig   path: cfg
loadConfig   filename: server
loadConfig   logtype in file config is "debug"
Initdb db path: .
Initdb db filename: temperature.db
Initdb db: temperature.db
startApp Port: 8080
loadConfig "debug" is selected
loadConfig loadConfig func:
loadConfig   path: cfg
loadConfig   filename: server
loadConfig   logtype in file config is "debug"
Initdb db path: .
Initdb db filename: temperature.db
Initdb db: temperature.db
startApp Port: 8080
ListOfExem Fonction ListOfExem
loadConfig "debug" is selected
loadConfig loadConfig func:
loadConfig   path: cfg
loadConfig   filename: server
loadConfig   logtype in file config is "debug"
Initdb db path: .
Initdb db filename: temperature.db
Initdb db: temperature.db
startApp Port: 8080
ListOfExem -------------------
ListOfExem Fonction ListOfExem
ListOfExem -------------------
loadConfig "debug" is selected
loadConfig loadConfig func:
loadConfig   path: cfg
loadConfig   filename: server
loadConfig   logtype in file config is "debug"
Initdb db path: .
Initdb db filename: temperature.db
Initdb db: temperature.db
startApp Port: 8080
ListOfExem -------------------
ListOfExem Fonction ListOfExem
ListOfExem -------------------
ListOfExem User: papa
loadConfig "debug" is selected
loadConfig loadConfig func:
loadConfig   path: cfg
loadConfig   filename: server
loadConfig   logtype in file config is "debug"
Initdb db path: .
Initdb db filename: temperature.db
Initdb db: temperature.db
startApp Port: 8080
ListOfExem -------------------
ListOfExem Fonction ListOfExem
ListOfExem -------------------
ListOfExem User: papa, true
ListOfExem -------------------
ListOfExem Fonction ListOfExem
ListOfExem -------------------
ListOfExem User: papa, true
loadConfig "debug" is selected
loadConfig loadConfig func:
loadConfig   path: cfg
loadConfig   filename: server
loadConfig   logtype in file config is "debug"
Initdb db path: .
Initdb db filename: temperature.db
Initdb db: temperature.db
startApp Port: 8080
loadConfig "debug" is selected
loadConfig loadConfig func:
loadConfig   path: cfg
loadConfig   filename: server
loadConfig   logtype in file config is "debug"
Initdb db path: .
Initdb db filename: temperature.db
Initdb db: temperature.db
startApp Port: 8080
loadConfig "debug" is selected
loadConfig loadConfig func:
loadConfig   path: cfg
loadConfig   filename: server
loadConfig   logtype in file config is "debug"
Initdb db path: .
Initdb db filename: temperature.db
Initdb db: temperature.db
startApp Port: 8080
loadConfig "debug" is selected
loadConfig loadConfig func:
loadConfig   path: cfg
loadConfig   filename: server
loadConfig   logtype in file config is "debug"
Initdb db path: .
Initdb db filename: temperature.db
Initdb db: temperature.db
startApp Port: 8080
loadConfig "debug" is selected
loadConfig loadConfig func:
loadConfig   path: cfg
loadConfig   filename: server
loadConfig   logtype in file config is "debug"
Initdb db path: .
Initdb db filename: temperature.db
Initdb db: temperature.db
startApp Port: 8080
loadConfig "debug" is selected
loadConfig loadConfig func:
loadConfig   path: cfg
loadConfig   filename: server
loadConfig   logtype in file config is "debug"
Initdb db path: .
Initdb db filename: temperature.db
Initdb db: temperature.db
startApp Port: 8080
ListOfUnfinishedExams -------------------
ListOfUnfinishedExams Fonction ListOfExem
ListOfUnfinishedExams -------------------
loadConfig "debug" is selected
loadConfig loadConfig func:
loadConfig   path: cfg
loadConfig   filename: server
loadConfig   logtype in file config is "debug"
Initdb db path: .
Initdb db filename: temperature.db
Initdb db: temperature.db
startApp Port: 8080
ListOfUnfinishedExams -------------------
ListOfUnfinishedExams Fonction ListOfExem
ListOfUnfinishedExams -------------------
loadConfig "debug" is selected
loadConfig loadConfig func:
loadConfig   path: cfg
loadConfig   filename: server
loadConfig   logtype in file config is "debug"
Initdb db path: .
Initdb db filename: temperature.db
Initdb db: temperature.db
startApp Port: 8080
ListOfUnfinishedExams -------------------
ListOfUnfinishedExams Fonction ListOfExem
ListOfUnfinishedExams -------------------
loadConfig "debug" is selected
loadConfig loadConfig func:
loadConfig   path: cfg
loadConfig   filename: server
loadConfig   logtype in file config is "debug"
Initdb db path: .
Initdb db filename: temperature.db
Initdb db: temperature.db
startApp Port: 8080
ListOfUnfinishedExams -------------------
ListOfUnfinishedExams Fonction ListOfExem
ListOfUnfinishedExams -------------------
ListOfUnfinishedExams -------------------
ListOfUnfinishedExams Fonction ListOfExem
ListOfUnfinishedExams -------------------
loadConfig "debug" is selected
loadConfig loadConfig func:
loadConfig   path: cfg
loadConfig   filename: server
loadConfig   logtype in file config is "debug"
Initdb db path: .
Initdb db filename: temperature.db
Initdb db: temperature.db
startApp Port: 8080
ListOfUnfinishedExams -------------------
ListOfUnfinishedExams Fonction ListOfExem
ListOfUnfinishedExams -------------------
ListOfUnfinishedExams []
loadConfig "debug" is selected
loadConfig loadConfig func:
loadConfig   path: cfg
loadConfig   filename: server
loadConfig   logtype in file config is "debug"
Initdb db path: .
Initdb db filename: temperature.db
Initdb db: temperature.db
startApp Port: 8080
ListOfUnfinishedExams -------------------
ListOfUnfinishedExams Fonction ListOfExem
ListOfUnfinishedExams -------------------
ListOfUnfinishedExams []
loadConfig "debug" is selected
loadConfig loadConfig func:
loadConfig   path: cfg
loadConfig   filename: server
loadConfig   logtype in file config is "debug"
Initdb db path: .
Initdb db filename: temperature.db
Initdb db: temperature.db
startApp Port: 8080
ListOfUnfinishedExams -------------------
ListOfUnfinishedExams Fonction ListOfExem
ListOfUnfinishedExams -------------------
ListOfUnfinishedExams []
loadConfig "debug" is selected
loadConfig loadConfig func:
loadConfig   path: cfg
loadConfig   filename: server
loadConfig   logtype in file config is "debug"
Initdb db path: .
Initdb db filename: temperature.db
Initdb db: temperature.db
startApp Port: 8080
ListOfUnfinishedExams -------------------
ListOfUnfinishedExams Fonction ListOfExem
ListOfUnfinishedExams -------------------
ListOfUnfinishedExams []
loadConfig "debug" is selected
loadConfig loadConfig func:
loadConfig   path: cfg
loadConfig   filename: server
loadConfig   logtype in file config is "debug"
Initdb db path: .
Initdb db filename: temperature.db
Initdb db: temperature.db
startApp Port: 8080
ListOfUnfinishedExams -------------------
ListOfUnfinishedExams Fonction ListOfExem
ListOfUnfinishedExams -------------------
ListOfUnfinishedExams User: julien
loadConfig "debug" is selected
loadConfig loadConfig func:
loadConfig   path: cfg
loadConfig   filename: server
loadConfig   logtype in file config is "debug"
Initdb db path: .
Initdb db filename: temperature.db
Initdb db: temperature.db
startApp Port: 8080
ListOfUnfinishedExams -------------------
ListOfUnfinishedExams Fonction ListOfExem
ListOfUnfinishedExams -------------------
ListOfUnfinishedExams User: julien
loadConfig "debug" is selected
loadConfig loadConfig func:
loadConfig   path: cfg
loadConfig   filename: server
loadConfig   logtype in file config is "debug"
Initdb db path: .
Initdb db filename: temperature.db
Initdb db: temperature.db
startApp Port: 8080
ListOfUnfinishedExams -------------------
ListOfUnfinishedExams Fonction ListOfExem
ListOfUnfinishedExams -------------------
ListOfUnfinishedExams User: julien
loadConfig "debug" is selected
loadConfig loadConfig func:
loadConfig   path: cfg
loadConfig   filename: server
loadConfig   logtype in file config is "debug"
Initdb db path: .
Initdb db filename: temperature.db
Initdb db: temperature.db
startApp Port: 8080
ListOfUnfinishedExams -------------------
ListOfUnfinishedExams Fonction ListOfExem
ListOfUnfinishedExams -------------------
ListOfUnfinishedExams User: julien
ListOfUnfinishedExams near ".": syntax error
loadConfig "debug" is selected
loadConfig loadConfig func:
loadConfig   path: cfg
loadConfig   filename: server
loadConfig   logtype in file config is "debug"
Initdb db path: .
Initdb db filename: temperature.db
Initdb db: temperature.db
startApp Port: 8080
ListOfUnfinishedExams -------------------
ListOfUnfinishedExams Fonction ListOfExem
ListOfUnfinishedExams -------------------
ListOfUnfinishedExams User: julien
loadConfig "debug" is selected
loadConfig loadConfig func:
loadConfig   path: cfg
loadConfig   filename: server
loadConfig   logtype in file config is "debug"
Initdb db path: .
Initdb db filename: temperature.db
Initdb db: temperature.db
startApp Port: 8080
ListOfUnfinishedExams -------------------
ListOfUnfinishedExams Fonction ListOfExem
ListOfUnfinishedExams -------------------
ListOfUnfinishedExams User: julien
loadConfig "debug" is selected
loadConfig loadConfig func:
loadConfig   path: cfg
loadConfig   filename: server
loadConfig   logtype in file config is "debug"
Initdb db path: .
Initdb db filename: temperature.db
Initdb db: temperature.db
startApp Port: 8080
ListOfUnfinishedExams -------------------
ListOfUnfinishedExams Fonction ListOfExem
ListOfUnfinishedExams -------------------
ListOfUnfinishedExams User: julien
loadConfig "debug" is selected
loadConfig loadConfig func:
loadConfig   path: cfg
loadConfig   filename: server
loadConfig   logtype in file config is "debug"
Initdb db path: .
Initdb db filename: temperature.db
Initdb db: temperature.db
startApp Port: 8080
ListOfUnfinishedExams -------------------
ListOfUnfinishedExams Fonction ListOfExem
ListOfUnfinishedExams -------------------
ListOfUnfinishedExams User: julien
ListOfUnfinishedExams []
loadConfig "debug" is selected
loadConfig loadConfig func:
loadConfig   path: cfg
loadConfig   filename: server
loadConfig   logtype in file config is "debug"
Initdb db path: .
Initdb db filename: temperature.db
Initdb db: temperature.db
startApp Port: 8080
ListOfUnfinishedExams -------------------
ListOfUnfinishedExams Fonction ListOfExem
ListOfUnfinishedExams -------------------
ListOfUnfinishedExams User: julien
ListOfUnfinishedExams Exams: []
loadConfig "debug" is selected
loadConfig loadConfig func:
loadConfig   path: cfg
loadConfig   filename: server
loadConfig   logtype in file config is "debug"
Initdb db path: .
Initdb db filename: temperature.db
Initdb db: temperature.db
startApp Port: 8080
ListOfUnfinishedExams -------------------
ListOfUnfinishedExams Fonction ListOfExem
ListOfUnfinishedExams -------------------
ListOfUnfinishedExams User: julien
ListOfUnfinishedExams Exams: []
